┌ Info: No system-wide Python was found; got the following error:
│ Base.IOError("could not spawn setenv(`'C:\\Program Files\\Python310' -c \"import distutils.sysconfig; print(distutils.sysconfig.get_config_var('VERSION'))\"`,[\"PATH=C:\\\\Program Files\\\\NVIDIA GPU Computing Toolkit\\\\CUDA\\\\v11.7\\\\bin;C:\\\\Program Files\\\\NVIDIA GPU Computing Toolkit\\\\CUDA\\\\v11.7\\\\libnvvp;C:\\\\Program Files\\\\Eclipse Adoptium\\\\jdk-11.0.13.8-hotspot\\\\bin;C:\\\\Program Files\\\\Eclipse Adoptium\\\\jdk-8.0.312.7-hotspot\\\\bin;C:\\\\WINDOWS\\\\system32;C:\\\\WINDOWS;C:\\\\WINDOWS\\\\System32\\\\Wbem;C:\\\\WINDOWS\\\\System32\\\\WindowsPowerShell\\\\v1.0\\\\;C:\\\\Program Files\\\\dotnet\\\\;C:\\\\WINDOWS\\\\System32\\\\OpenSSH\\\\;C:\\\\Program Files\\\\NVIDIA Corporation\\\\NVIDIA NvDLISR;C:\\\\Program Files (x86)\\\\NVIDIA Corporation\\\\PhysX\\\\Common;C:\\\\Program Files\\\\Git\\\\cmd;C:\\\\Program Files\\\\nodejs\\\\;C:\\\\ProgramData\\\\chocolatey\\\\bin;C:\\\\Program Files\\\\TortoiseGit\\\\bin;C:\\\\Program Files\\\\Graphviz\\\\bin;C:\\\\Program Files (x86)\\\\Windows Kits\\\\10\\\\Windows Performance Toolkit\\\\;C:\\\\Program Files\\\\NVIDIA Corporation\\\\Nsight Compute 2022.2.0\\\\;C:\\\\Users\\\\Valerio\\\\AppData\\\\Local\\\\Microsoft\\\\WindowsApps;C:\\\\Program Files\\\\JetBrains\\\\PyCharm 2021.3\\\\bin;;C:\\\\bin;C:\\\\Program Files\\\\Python310;C:\\\\Program Files\\\\Python310\\\\scripts;C:\\\\Users\\\\Valerio\\\\AppData\\\\Roaming\\\\npm;C:\\\\Users\\\\Valerio\\\\AppData\\\\Local\\\\Programs\\\\Microsoft VS Code\\\\bin;C:\\\\Users\\\\Valerio\\\\AppData\\\\Local\\\\Programs\\\\Julia-1.7.2\\\\bin;C:\\\\Users\\\\Valerio\\\\AppData\\\\Roaming\\\\Python\\\\Python310\\\\Scripts;C:\\\\Program Files (x86)\\\\Microsoft Visual Studio\\\\2019\\\\BuildTools\\\\VC\\\\Tools\\\\MSVC\\\\14.29.30133\\\\bin\\\\Hostx64\\\\x64;C:\\\\cygwin64\\\\bin;C:\\\\Users\\\\Valerio\\\\AppData\\\\Local\\\\Pandoc\\\\;C:\\\\Users\\\\Valerio\\\\AppData\\\\Local\\\\Programs\\\\MiKTeX\\\\miktex\\\\bin\\\\x64\\\\\", \"USERDOMAIN_ROAMINGPROFILE=LAPTOP\", \"HOMEPATH=\\\\Users\\\\Valerio\", \"PATHEXT=.COM;.EXE;.BAT;.CMD;.VBS;.VBE;.JS;.JSE;.WSF;.WSH;.MSC\", \"SESSIONNAME=Console\", \"SYSTEMROOT=C:\\\\WINDOWS\", \"APPDATA=C:\\\\Users\\\\Valerio\\\\AppData\\\\Roaming\", \"PSMODULEPATH=C:\\\\Program Files\\\\WindowsPowerShell\\\\Modules;C:\\\\WINDOWS\\\\system32\\\\WindowsPowerShell\\\\v1.0\\\\Modules\", \"COMMONPROGRAMW6432=C:\\\\Program Files\\\\Common Files\", \"PROGRAMDATA=C:\\\\ProgramData\", \"PUBLIC=C:\\\\Users\\\\Public\", \"USERDOMAIN=LAPTOP\", \"OS=Windows_NT\", \"PROCESSOR_REVISION=5000\", \"TMP=C:\\\\Users\\\\Valerio\\\\AppData\\\\Local\\\\Temp\", \"COMSPEC=C:\\\\WINDOWS\\\\system32\\\\cmd.exe\", \"NVTOOLSEXT_PATH=C:\\\\Program Files\\\\NVIDIA Corporation\\\\NvToolsExt\\\\\", \"JULIA_EDITOR=code\", \"ALLUSERSPROFILE=C:\\\\ProgramData\", \"COMPUTERNAME=LAPTOP\", \"JAVA_HOME=C:\\\\Program Files\\\\Eclipse Adoptium\\\\jdk-8.0.312.7-hotspot\\\\\", \"USERNAME=Valerio\", \"CUDA_PATH_V11_7=C:\\\\Program Files\\\\NVIDIA GPU Computing Toolkit\\\\CUDA\\\\v11.7\", \"VSCODE_GIT_ASKPASS_NODE=C:\\\\Users\\\\Valerio\\\\AppData\\\\Local\\\\Programs\\\\Microsoft VS Code\\\\Code.exe\", \"VSCODE_GIT_ASKPASS_EXTRA_ARGS=--ms-enable-electron-run-as-node\", \"VSCODE_GIT_IPC_HANDLE=\\\\\\\\.\\\\pipe\\\\vscode-git-5faff8cbb1-sock\", \"CUDA_PATH=C:\\\\Program Files\\\\NVIDIA GPU Computing Toolkit\\\\CUDA\\\\v11.7\", \"USERPROFILE=C:\\\\Users\\\\Valerio\", \"PROCESSOR_LEVEL=25\", \"=C:=C:\\\\Users\\\\Valerio\\\\OneDrive - Universita degli Studi Roma Tre\\\\CP\\\\LAR-TGW-3D\\\\docs\\\\deps\\\\packages\\\\PyCall\\\\7a7w0\\\\deps\", \"VBOX_HWVIRTEX_IGNORE_SVM_IN_USE=1\", \"PROGRAMW6432=C:\\\\Program Files\", \"TEMP=C:\\\\Users\\\\Valerio\\\\AppData\\\\Local\\\\Temp\", \"HOMEDRIVE=C:\", \"COLORTERM=truecolor\", \"PYTHONIOENCODING=UTF-8\", \"PYTHON=C:\\\\Program Files\\\\Python310\", \"WINDIR=C:\\\\WINDOWS\", \"LOCALAPPDATA=C:\\\\Users\\\\Valerio\\\\AppData\\\\Local\", \"PROCESSOR_IDENTIFIER=AMD64 Family 25 Model 80 Stepping 0, AuthenticAMD\", \"PYCHARM=C:\\\\Program Files\\\\JetBrains\\\\PyCharm 2021.3\\\\bin;\", \"NUMBER_OF_PROCESSORS=16\", \"GIT_ASKPASS=c:\\\\Users\\\\Valerio\\\\AppData\\\\Local\\\\Programs\\\\Microsoft VS Code\\\\resources\\\\app\\\\extensions\\\\git\\\\dist\\\\askpass.sh\", \"LANG=en_GB.UTF-8\", \"ONEDRIVECOMMERCIAL=C:\\\\Users\\\\Valerio\\\\OneDrive - Universita degli Studi Roma Tre\", \"COMMONPROGRAMFILES(X86)=C:\\\\Program Files (x86)\\\\Common Files\", \"TERM_PROGRAM_VERSION=1.67.2\", \"COMMONPROGRAMFILES=C:\\\\Program Files\\\\Common Files\", \"JULIA_NUM_THREADS=8\", \"ONEDRIVE=C:\\\\Users\\\\Valerio\\\\OneDrive - Universita degli Studi Roma Tre\", \"CHOCOLATEYINSTALL=C:\\\\ProgramData\\\\chocolatey\", \"TERM_PROGRAM=vscode\", \"PROGRAMFILES(X86)=C:\\\\Program Files (x86)\", \"VSCODE_GIT_ASKPASS_MAIN=c:\\\\Users\\\\Valerio\\\\AppData\\\\Local\\\\Programs\\\\Microsoft VS Code\\\\resources\\\\app\\\\extensions\\\\git\\\\dist\\\\askpass-main.js\", \"OPENBLAS_NUM_THREADS=8\", \"PROGRAMFILES=C:\\\\Program Files\", \"CHOCOLATEYLASTPATHUPDATE=132911412823752695\", \"CHROME_CRASHPAD_PIPE_NAME=\\\\\\\\.\\\\pipe\\\\crashpad_15452_ROCDYDWXZQBHUSKB\", \"LOGONSERVER=\\\\\\\\LAPTOP\", \"DRIVERDATA=C:\\\\Windows\\\\System32\\\\Drivers\\\\DriverData\", \"ORIGINAL_XDG_CURRENT_DESKTOP=undefined\", \"FPS_BROWSER_USER_PROFILE_STRING=Default\", \"JULIA_LOAD_PATH=@;C:\\\\Users\\\\Valerio\\\\AppData\\\\Local\\\\Temp\\\\jl_Q7xovG\", \"SYSTEMDRIVE=C:\", \"FPS_BROWSER_APP_PROFILE_STRING=Internet Explorer\", \"PROCESSOR_ARCHITECTURE=AMD64\", \"OPENBLAS_MAIN_FREE=1\"]): no such file or directory (ENOENT)", -4058)
└ using the Python distribution in the Conda package
[ Info: Downloading miniconda installer ...
ERROR: LoadError: HTTP/1.1 200 OK (transfer closed with 24698272 bytes remaining to read) while requesting https://github.com/conda-forge/miniforge/releases/latest/download/Miniforge3-Windows-x86_64.exe
Stacktrace:
  [1] (::Downloads.var"#9#18"{IOStream, Base.DevNull, Nothing, Vector{Pair{String, String}}, Float64, Nothing, Bool, Bool, String, Int64, Bool, Bool})(easy::Downloads.Curl.Easy)
    @ Downloads C:\Users\Valerio\AppData\Local\Programs\Julia-1.7.2\share\julia\stdlib\v1.7\Downloads\src\Downloads.jl:369
  [2] with_handle(f::Downloads.var"#9#18"{IOStream, Base.DevNull, Nothing, Vector{Pair{String, String}}, Float64, Nothing, Bool, Bool, String, Int64, Bool, Bool}, handle::Downloads.Curl.Easy)
    @ Downloads.Curl C:\Users\Valerio\AppData\Local\Programs\Julia-1.7.2\share\julia\stdlib\v1.7\Downloads\src\Curl\Curl.jl:64
  [3] #8
    @ C:\Users\Valerio\AppData\Local\Programs\Julia-1.7.2\share\julia\stdlib\v1.7\Downloads\src\Downloads.jl:311 [inlined]
  [4] arg_write(f::Downloads.var"#8#17"{Base.DevNull, Nothing, Vector{Pair{String, String}}, Float64, Nothing, Bool, Bool, String, Int64, Bool, Bool}, arg::IOStream)
    @ ArgTools C:\Users\Valerio\AppData\Local\Programs\Julia-1.7.2\share\julia\stdlib\v1.7\ArgTools\src\ArgTools.jl:112
  [5] #7
    @ C:\Users\Valerio\AppData\Local\Programs\Julia-1.7.2\share\julia\stdlib\v1.7\Downloads\src\Downloads.jl:310 [inlined]
  [6] arg_read
    @ C:\Users\Valerio\AppData\Local\Programs\Julia-1.7.2\share\julia\stdlib\v1.7\ArgTools\src\ArgTools.jl:61 [inlined]
  [7] request(url::String; input::Nothing, output::IOStream, method::Nothing, headers::Vector{Pair{String, String}}, timeout::Float64, progress::Nothing, verbose::Bool, throw::Bool, downloader::Nothing)
    @ Downloads C:\Users\Valerio\AppData\Local\Programs\Julia-1.7.2\share\julia\stdlib\v1.7\Downloads\src\Downloads.jl:309
  [8] #3
    @ C:\Users\Valerio\AppData\Local\Programs\Julia-1.7.2\share\julia\stdlib\v1.7\Downloads\src\Downloads.jl:222 [inlined]
  [9] open(f::Downloads.var"#3#4"{Nothing, Vector{Pair{String, String}}, Float64, Nothing, Bool, Nothing, String}, args::String; kwargs::Base.Pairs{Symbol, Bool, Tuple{Symbol}, NamedTuple{(:write,), Tuple{Bool}}})
    @ Base .\io.jl:330
 [10] arg_write(f::Function, arg::String)
    @ ArgTools C:\Users\Valerio\AppData\Local\Programs\Julia-1.7.2\share\julia\stdlib\v1.7\ArgTools\src\ArgTools.jl:86
 [11] #download#2
    @ C:\Users\Valerio\AppData\Local\Programs\Julia-1.7.2\share\julia\stdlib\v1.7\Downloads\src\Downloads.jl:221 [inlined]
 [12] download
    @ C:\Users\Valerio\AppData\Local\Programs\Julia-1.7.2\share\julia\stdlib\v1.7\Downloads\src\Downloads.jl:221 [inlined]
 [13] _install_conda(env::String, force::Bool)
    @ Conda C:\Users\Valerio\OneDrive - Universita degli Studi Roma Tre\CP\LAR-TGW-3D\docs\deps\packages\Conda\x2UxR\src\Conda.jl:201
 [14] _install_conda(env::String)
    @ Conda C:\Users\Valerio\OneDrive - Universita degli Studi Roma Tre\CP\LAR-TGW-3D\docs\deps\packages\Conda\x2UxR\src\Conda.jl:191
 [15] runconda(args::Cmd, env::String)
    @ Conda C:\Users\Valerio\OneDrive - Universita degli Studi Roma Tre\CP\LAR-TGW-3D\docs\deps\packages\Conda\x2UxR\src\Conda.jl:126
 [16] add(pkg::String, env::String; channel::String)
    @ Conda C:\Users\Valerio\OneDrive - Universita degli Studi Roma Tre\CP\LAR-TGW-3D\docs\deps\packages\Conda\x2UxR\src\Conda.jl:222
 [17] add (repeats 2 times)
    @ C:\Users\Valerio\OneDrive - Universita degli Studi Roma Tre\CP\LAR-TGW-3D\docs\deps\packages\Conda\x2UxR\src\Conda.jl:221 [inlined]
 [18] top-level scope
    @ C:\Users\Valerio\OneDrive - Universita degli Studi Roma Tre\CP\LAR-TGW-3D\docs\deps\packages\PyCall\7a7w0\deps\build.jl:79
 [19] include(fname::String)
    @ Base.MainInclude .\client.jl:451
 [20] top-level scope
    @ none:5
in expression starting at C:\Users\Valerio\OneDrive - Universita degli Studi Roma Tre\CP\LAR-TGW-3D\docs\deps\packages\PyCall\7a7w0\deps\build.jl:43
